2025-03-21 08:58:38,357 - db_helper - INFO - fetch_expenses_for_date called with 2024-08-01
2025-03-21 08:58:38,490 - db_helper - INFO - fetch_expense_summary called with start: 2024-08-01 end: 2024-08-05
2025-03-21 09:00:53,807 - db_helper - INFO - fetch_expenses_for_date called with 2024-09-20
2025-03-21 09:00:53,998 - db_helper - INFO - fetch_expense_summary called with start: 2024-08-01 end: 2024-08-05
2025-03-21 09:38:54,149 - db_helper - INFO - fetch_expenses_for_date called with 2024-08-01
2025-03-21 09:42:10,806 - db_helper - INFO - fetch_expenses_for_date called with 2024-08-01
2025-03-21 09:43:01,713 - db_helper - INFO - fetch_expenses_for_date called with 2024-08-01
2025-03-21 09:46:57,379 - db_helper - INFO - fetch_expenses_for_date called with 2024-08-28
2025-03-21 09:48:19,929 - db_helper - INFO - delete_expenses_for_date called with 2024-08-28
2025-03-21 09:48:19,973 - db_helper - INFO - insert_expenses called with date: 2024-08-28, amount: 1000000.0, category: Shopping, notes: Bought  car
2025-03-21 12:42:50,742 - db_helper - INFO - fetch_expenses_for_date called with 2024-08-01
2025-03-21 12:43:41,252 - db_helper - INFO - fetch_expenses_for_date called with 2024-08-01
2025-03-21 12:46:31,252 - db_helper - INFO - fetch_expenses_for_date called with 2024-08-01
2025-03-21 12:46:38,791 - db_helper - INFO - fetch_expenses_for_date called with 2024-08-02
2025-03-21 12:49:06,562 - db_helper - INFO - fetch_expenses_for_date called with 2024-08-01
2025-03-21 12:49:19,121 - db_helper - INFO - fetch_expenses_for_date called with 2024-08-02
2025-03-21 12:49:26,145 - db_helper - INFO - fetch_expenses_for_date called with 2024-08-01
2025-03-21 12:49:35,268 - db_helper - INFO - fetch_expenses_for_date called with 2024-08-06
2025-03-21 12:52:10,778 - db_helper - INFO - fetch_expenses_for_date called with 2024-08-01
2025-03-21 12:53:59,441 - db_helper - INFO - fetch_expenses_for_date called with 2024-08-06
2025-03-21 12:54:11,112 - db_helper - INFO - fetch_expenses_for_date called with 2024-08-01
2025-03-21 12:54:18,265 - db_helper - INFO - fetch_expenses_for_date called with 2024-08-02
2025-03-21 13:15:45,070 - db_helper - INFO - fetch_expenses_for_date called with 2024-08-02
2025-03-21 13:16:50,400 - db_helper - INFO - fetch_expenses_for_date called with 2024-08-02
2025-03-21 13:34:48,562 - db_helper - INFO - fetch_expenses_for_date called with 2024-08-02
2025-03-21 13:35:16,334 - db_helper - INFO - fetch_expenses_for_date called with 2024-08-01
2025-03-21 13:35:36,637 - db_helper - INFO - fetch_expenses_for_date called with 2024-08-28
2025-03-21 13:35:46,634 - db_helper - INFO - fetch_expenses_for_date called with 2024-08-02
2025-03-21 13:37:12,449 - db_helper - INFO - fetch_expenses_for_date called with 2024-08-01
2025-03-21 13:43:10,858 - db_helper - INFO - fetch_expenses_for_date called with 2024-08-02
2025-03-21 13:57:15,548 - db_helper - INFO - fetch_expenses_for_date called with 2024-08-02
2025-03-21 13:57:22,195 - db_helper - INFO - fetch_expenses_for_date called with 2024-08-07
2025-03-21 13:58:45,009 - db_helper - INFO - fetch_expenses_for_date called with 2024-08-07
2025-03-21 14:01:21,147 - db_helper - INFO - fetch_expenses_for_date called with 2024-08-07
2025-03-21 14:01:23,236 - db_helper - INFO - delete_expenses_for_date called with 2024-08-07
2025-03-21 14:01:23,244 - db_helper - INFO - insert_expenses called with date: 2024-08-07, amount: 20.0, category: Shopping, notes: bought coconut
2025-03-21 14:01:23,267 - db_helper - INFO - insert_expenses called with date: 2024-08-07, amount: 10.0, category: Shopping, notes: bought air oil
2025-03-21 14:01:23,283 - db_helper - INFO - insert_expenses called with date: 2024-08-07, amount: 30.0, category: Food, notes: ate chapo madondo
2025-03-21 14:03:05,217 - db_helper - INFO - fetch_expenses_for_date called with 2024-08-01
2025-03-21 14:03:12,449 - db_helper - INFO - fetch_expenses_for_date called with 2024-08-07
2025-03-21 14:37:04,409 - db_helper - INFO - fetch_expense_summary called with start: 2024-08-01 end: 2024-08-01
2025-03-21 14:37:41,983 - db_helper - INFO - fetch_expense_summary called with start: 2024-08-01 end: 2024-08-01
2025-03-21 14:44:29,196 - db_helper - INFO - fetch_expense_summary called with start: 2024-08-01 end: 2024-08-05
2025-03-21 14:58:20,850 - db_helper - INFO - fetch_expense_summary called with start: 2024-08-01 end: 2024-08-05
2025-03-21 15:01:01,386 - db_helper - INFO - fetch_expense_summary called with start: 2024-08-01 end: 2024-08-05
2025-03-21 15:05:29,777 - db_helper - INFO - fetch_expense_summary called with start: 2024-08-01 end: 2024-08-05
2025-03-21 15:11:32,597 - db_helper - INFO - fetch_expense_summary called with start: 2024-08-01 end: 2024-08-05
2025-03-21 15:32:50,904 - db_helper - INFO - fetch_expense_summary called with start: 2024-08-01 end: 2024-08-05
2025-03-21 15:34:51,950 - db_helper - INFO - fetch_expense_summary called with start: 2024-08-01 end: 2024-08-05
2025-03-21 15:38:01,429 - db_helper - INFO - fetch_expense_summary called with start: 2024-08-01 end: 2024-08-05
2025-03-21 16:03:25,579 - db_helper - INFO - fetch_expenses_for_date called with 2024-08-07
2025-03-21 16:04:13,895 - db_helper - INFO - fetch_expenses_for_date called with 2024-08-07
2025-03-21 16:05:58,985 - db_helper - INFO - fetch_expenses_for_date called with 2024-08-07
2025-03-21 16:10:01,214 - db_helper - INFO - fetch_expenses_for_date called with 2024-08-07
2025-03-21 16:17:51,728 - db_helper - INFO - fetch_expenses_for_date called with 2024-08-07
2025-03-21 16:17:56,337 - db_helper - INFO - fetch_expenses_for_date called with 2024-08-07
2025-03-21 16:17:58,508 - db_helper - INFO - fetch_expense_summary called with start: 2024-08-01 end: 2024-08-05
2025-03-21 16:26:15,015 - db_helper - INFO - fetch_expenses_for_date called with 2024-08-07
2025-03-21 16:26:19,986 - db_helper - INFO - fetch_expenses_for_date called with 2024-08-07
2025-03-21 16:26:22,054 - db_helper - INFO - fetch_expense_summary called with start: 2024-08-01 end: 2024-08-05
2025-03-21 16:27:06,900 - db_helper - INFO - fetch_expenses_for_date called with 2024-08-07
2025-03-21 16:27:09,846 - db_helper - INFO - fetch_expenses_for_date called with 2024-08-07
2025-03-21 16:27:11,980 - db_helper - INFO - fetch_expense_summary called with start: 2024-08-01 end: 2024-08-05
2025-03-21 16:37:01,926 - db_helper - INFO - fetch_expenses_for_date called with 2024-08-01
2025-03-21 16:42:00,163 - db_helper - INFO - fetch_expenses_for_date called with 2024-08-07
2025-03-21 16:42:04,572 - db_helper - INFO - fetch_expenses_for_date called with 2024-08-07
2025-03-21 16:42:06,737 - db_helper - INFO - fetch_expense_summary called with start: 2024-08-01 end: 2024-08-05
2025-03-21 17:18:02,313 - db_helper - INFO - fetch_expenses_for_date called with 2024-08-01
2025-03-21 17:19:46,144 - db_helper - INFO - fetch_expense_summary called with start: 2024-08-01 end: 2024-08-05
2025-03-21 17:19:59,169 - db_helper - INFO - fetch_expense_summary called with start: 2024-08-01 end: 2024-08-07
2025-03-21 17:21:07,072 - db_helper - INFO - fetch_expenses_for_date called with 2024-08-01
2025-03-21 17:21:16,186 - db_helper - INFO - fetch_expenses_for_date called with 2024-08-01
2025-03-21 17:21:18,255 - db_helper - INFO - fetch_expense_summary called with start: 2024-08-01 end: 2024-08-05
2025-03-21 17:22:15,848 - db_helper - INFO - fetch_expenses_for_date called with 2024-08-01
2025-03-21 17:22:20,626 - db_helper - INFO - fetch_expenses_for_date called with 2024-08-01
2025-03-21 17:22:22,717 - db_helper - INFO - fetch_expense_summary called with start: 2024-08-01 end: 2024-08-05
2025-03-21 17:23:04,615 - db_helper - INFO - fetch_expenses_for_date called with 2024-08-01
2025-03-21 17:23:09,489 - db_helper - INFO - fetch_expenses_for_date called with 2024-08-01
2025-03-21 17:23:11,610 - db_helper - INFO - fetch_expense_summary called with start: 2024-08-01 end: 2024-08-28
2025-03-21 17:23:24,605 - db_helper - INFO - fetch_expenses_for_date called with 2024-08-01
2025-03-21 17:23:27,929 - db_helper - INFO - fetch_expenses_for_date called with 2024-08-01
2025-03-21 17:23:29,986 - db_helper - INFO - fetch_expense_summary called with start: 2024-08-01 end: 2024-08-15
2025-03-22 19:00:54,847 - db_helper - INFO - fetch_expenses_for_date called with 2024-08-01
2025-03-22 19:01:01,739 - db_helper - INFO - fetch_expenses_for_date called with 2024-08-01
2025-03-22 19:01:03,875 - db_helper - INFO - fetch_expense_summary called with start: 2024-08-01 end: 2024-08-15
2025-03-22 19:07:59,852 - db_helper - INFO - fetch_expenses_for_date called with 2024-08-01
2025-03-22 19:08:04,393 - db_helper - INFO - fetch_expenses_for_date called with 2024-08-01
2025-03-22 19:08:06,468 - db_helper - INFO - fetch_expense_summary called with start: 2024-08-01 end: 2024-08-15
2025-03-22 19:11:26,298 - db_helper - INFO - fetch_expenses_for_date called with 2024-08-01
2025-03-22 19:11:30,557 - db_helper - INFO - fetch_expenses_for_date called with 2024-08-01
2025-03-22 19:11:32,633 - db_helper - INFO - fetch_expense_summary called with start: 2024-08-01 end: 2024-08-15
2025-03-22 19:17:44,538 - db_helper - INFO - fetch_expenses_for_date called with 2024-08-01
2025-03-22 19:17:49,201 - db_helper - INFO - fetch_expenses_for_date called with 2024-08-01
2025-03-22 19:17:51,284 - db_helper - INFO - fetch_expense_summary called with start: 2024-08-01 end: 2024-08-15
2025-03-22 19:19:21,117 - db_helper - INFO - fetch_expenses_for_date called with 2024-08-01
2025-03-22 19:19:25,438 - db_helper - INFO - fetch_expenses_for_date called with 2024-08-01
2025-03-22 19:19:27,523 - db_helper - INFO - fetch_expense_summary called with start: 2024-08-01 end: 2024-08-15
2025-03-22 19:22:39,585 - db_helper - INFO - fetch_expenses_for_date called with 2024-08-01
2025-03-22 19:22:43,492 - db_helper - INFO - fetch_expenses_for_date called with 2024-08-01
2025-03-22 19:22:45,570 - db_helper - INFO - fetch_expense_summary called with start: 2024-08-01 end: 2024-08-15
2025-03-22 19:24:00,688 - db_helper - INFO - fetch_expenses_for_date called with 2024-08-01
2025-03-22 19:24:04,577 - db_helper - INFO - fetch_expenses_for_date called with 2024-08-01
2025-03-22 19:24:06,696 - db_helper - INFO - fetch_expense_summary called with start: 2024-08-01 end: 2024-08-15
2025-03-22 19:25:23,709 - db_helper - INFO - fetch_expenses_for_date called with 2024-08-01
2025-03-22 19:25:27,985 - db_helper - INFO - fetch_expenses_for_date called with 2024-08-01
2025-03-22 19:25:30,055 - db_helper - INFO - fetch_expense_summary called with start: 2024-08-01 end: 2024-08-15
2025-03-22 19:28:53,492 - db_helper - INFO - fetch_expenses_for_date called with 2024-08-01
2025-03-22 19:28:57,194 - db_helper - INFO - fetch_expenses_for_date called with 2024-08-01
2025-03-22 19:28:59,308 - db_helper - INFO - fetch_expense_summary called with start: 2024-08-01 end: 2024-08-15
2025-03-22 19:31:52,535 - db_helper - INFO - fetch_expenses_for_date called with 2024-08-01
2025-03-22 19:31:56,141 - db_helper - INFO - fetch_expenses_for_date called with 2024-08-01
2025-03-22 19:31:58,229 - db_helper - INFO - fetch_expense_summary called with start: 2024-08-01 end: 2024-08-15
2025-03-22 19:38:21,791 - db_helper - INFO - fetch_expenses_for_date called with 2024-08-01
2025-03-22 19:38:25,585 - db_helper - INFO - fetch_expenses_for_date called with 2024-08-01
2025-03-22 19:38:27,743 - db_helper - INFO - fetch_expense_summary called with start: 2024-08-01 end: 2024-08-15
2025-03-22 19:46:55,404 - db_helper - INFO - fetch_expenses_for_date called with 2024-08-01
2025-03-22 19:46:59,186 - db_helper - INFO - fetch_expenses_for_date called with 2024-08-01
2025-03-22 19:47:01,279 - db_helper - INFO - fetch_expense_summary called with start: 2024-08-01 end: 2024-08-15
2025-03-22 19:48:27,136 - db_helper - INFO - fetch_expenses_for_date called with 2024-08-01
2025-03-22 19:48:31,083 - db_helper - INFO - fetch_expenses_for_date called with 2024-08-01
2025-03-22 19:48:33,155 - db_helper - INFO - fetch_expense_summary called with start: 2024-08-01 end: 2024-08-15
2025-03-22 19:52:58,959 - db_helper - INFO - fetch_expenses_for_date called with 2024-08-01
2025-03-22 19:53:02,873 - db_helper - INFO - fetch_expenses_for_date called with 2024-08-01
2025-03-22 19:53:05,011 - db_helper - INFO - fetch_expense_summary called with start: 2024-08-01 end: 2024-08-15
2025-03-22 19:53:17,648 - db_helper - INFO - fetch_expenses_for_date called with 2024-08-01
2025-03-22 19:53:22,104 - db_helper - INFO - fetch_expenses_for_date called with 2024-08-01
2025-03-22 19:53:24,178 - db_helper - INFO - fetch_expense_summary called with start: 2024-08-01 end: 2024-08-15
2025-03-22 19:53:30,993 - db_helper - INFO - fetch_expenses_for_date called with 2024-08-01
2025-03-22 19:53:35,515 - db_helper - INFO - fetch_expenses_for_date called with 2024-08-01
2025-03-22 19:53:37,643 - db_helper - INFO - fetch_expense_summary called with start: 2024-08-01 end: 2024-08-15
2025-03-22 19:53:56,048 - db_helper - INFO - fetch_expenses_for_date called with 2024-08-01
2025-03-22 20:01:03,359 - db_helper - INFO - fetch_expenses_for_date called with 2024-08-01
2025-03-22 20:01:07,979 - db_helper - INFO - fetch_expenses_for_date called with 2024-08-01
2025-03-22 20:01:10,131 - db_helper - INFO - fetch_expense_summary called with start: 2024-08-01 end: 2024-08-15
2025-03-22 20:01:19,089 - db_helper - INFO - fetch_expenses_for_date called with 2024-08-01
2025-03-22 20:01:28,302 - db_helper - INFO - fetch_expenses_for_date called with 2024-08-01
2025-03-22 20:01:34,372 - db_helper - INFO - fetch_expenses_for_date called with 2024-08-01
2025-03-22 20:02:29,897 - db_helper - INFO - fetch_expenses_for_date called with 2024-08-01
2025-03-22 20:02:37,799 - db_helper - INFO - fetch_expenses_for_date called with 2024-08-01
2025-03-22 20:06:36,176 - db_helper - INFO - fetch_expenses_for_date called with 2024-08-01
2025-03-22 20:06:44,921 - db_helper - INFO - fetch_expenses_for_date called with 2024-08-01
2025-03-22 20:07:28,469 - db_helper - INFO - fetch_expenses_for_date called with 2024-08-01
2025-03-22 20:07:33,579 - db_helper - INFO - fetch_expenses_for_date called with 2024-08-01
2025-03-22 20:09:27,442 - db_helper - INFO - fetch_expenses_for_date called with 2024-08-01
2025-03-22 20:09:38,406 - db_helper - INFO - fetch_expenses_for_date called with 2024-08-01
2025-03-22 20:10:02,395 - db_helper - INFO - fetch_expenses_for_date called with 2024-08-01
2025-03-22 20:10:16,275 - db_helper - INFO - fetch_expenses_for_date called with 2024-08-01
2025-03-22 20:11:56,656 - db_helper - INFO - fetch_expenses_for_date called with 2024-08-01
2025-03-22 20:12:11,053 - db_helper - INFO - fetch_expenses_for_date called with 2024-08-01
2025-03-22 20:12:35,566 - db_helper - INFO - fetch_expenses_for_date called with 2024-08-01
2025-03-22 20:12:42,145 - db_helper - INFO - fetch_expenses_for_date called with 2024-08-01
2025-03-22 20:13:10,476 - db_helper - INFO - fetch_expenses_for_date called with 2024-08-01
2025-03-22 20:13:15,387 - db_helper - INFO - fetch_expenses_for_date called with 2024-08-01
2025-03-22 20:15:28,758 - db_helper - INFO - fetch_expenses_for_date called with 2024-08-01
2025-03-22 20:15:45,914 - db_helper - INFO - fetch_expenses_for_date called with 2024-08-01
2025-03-22 20:17:21,684 - db_helper - INFO - fetch_expenses_for_date called with 2024-08-01
2025-03-22 20:17:31,562 - db_helper - INFO - fetch_expenses_for_date called with 2024-08-01
2025-03-22 20:17:42,982 - db_helper - INFO - fetch_expenses_for_date called with 2024-08-01
2025-03-22 20:18:07,866 - db_helper - INFO - fetch_expenses_for_date called with 2024-08-01
2025-03-22 20:18:15,814 - db_helper - INFO - fetch_expenses_for_date called with 2024-08-01
2025-03-22 20:18:21,090 - db_helper - INFO - fetch_expenses_for_date called with 2024-08-01
2025-03-22 20:21:17,236 - db_helper - INFO - fetch_expenses_for_date called with 2024-08-01
2025-03-22 20:21:32,063 - db_helper - INFO - fetch_expenses_for_date called with 2024-07-01
2025-03-22 20:21:40,177 - db_helper - INFO - fetch_expenses_for_date called with 2024-07-01
2025-03-22 20:21:42,316 - db_helper - INFO - fetch_expense_summary called with start: 2024-08-01 end: 2024-08-15
2025-03-22 20:21:56,280 - db_helper - INFO - fetch_expenses_for_date called with 2024-07-01
2025-03-22 20:22:04,612 - db_helper - INFO - fetch_expenses_for_date called with 2024-07-01
2025-03-22 20:22:15,993 - db_helper - INFO - fetch_expenses_for_date called with 2024-07-01
2025-03-22 20:22:51,578 - db_helper - INFO - fetch_expenses_for_date called with 2024-08-01
2025-03-22 20:23:30,645 - db_helper - INFO - fetch_expenses_for_date called with 2024-08-01
2025-03-22 20:24:58,709 - db_helper - INFO - fetch_expenses_for_date called with 2024-08-01
2025-03-22 20:25:18,509 - db_helper - INFO - fetch_expenses_for_date called with 2024-08-01
2025-03-22 20:27:06,548 - db_helper - INFO - fetch_expenses_for_date called with 2024-08-01
2025-03-22 20:30:18,647 - db_helper - INFO - fetch_expenses_for_date called with 2024-08-01
2025-03-22 20:30:29,597 - db_helper - INFO - fetch_expenses_for_date called with 2024-08-01
2025-03-22 20:30:35,910 - db_helper - INFO - fetch_expenses_for_date called with 2024-08-01
2025-03-22 20:30:47,969 - db_helper - INFO - fetch_expenses_for_date called with 2024-08-01
2025-03-22 20:30:50,121 - db_helper - INFO - fetch_expense_summary called with start: 2024-07-01 end: 2024-07-05
2025-03-22 20:31:12,835 - db_helper - INFO - fetch_expenses_for_date called with 2024-08-01
2025-03-22 20:31:16,800 - db_helper - INFO - fetch_expenses_for_date called with 2024-08-01
2025-03-22 20:31:17,937 - db_helper - INFO - fetch_expenses_for_date called with 2024-08-01
2025-03-22 20:31:20,058 - db_helper - INFO - fetch_expense_summary called with start: 2024-08-01 end: 2024-08-05
2025-03-22 20:34:16,580 - db_helper - INFO - fetch_expenses_for_date called with 2024-08-08
2025-03-22 20:34:26,506 - db_helper - INFO - fetch_expenses_for_date called with 2024-08-15
2025-03-22 20:34:34,279 - db_helper - INFO - fetch_expenses_for_date called with 2024-08-28
2025-03-22 20:34:40,587 - db_helper - INFO - fetch_expenses_for_date called with 2024-08-02
2025-03-22 20:39:00,862 - db_helper - INFO - fetch_expenses_for_date called with 2024-08-02
2025-03-22 20:39:48,536 - db_helper - INFO - fetch_expenses_for_date called with 2024-08-02
2025-03-22 20:40:09,069 - db_helper - INFO - fetch_expenses_for_date called with 2024-08-02
2025-03-22 20:40:15,223 - db_helper - INFO - fetch_expenses_for_date called with 2024-08-02
2025-03-22 20:43:25,720 - db_helper - INFO - fetch_expenses_for_date called with 2024-08-02
2025-03-22 20:43:53,407 - db_helper - INFO - fetch_expenses_for_date called with 2024-08-02
2025-03-22 20:44:54,072 - db_helper - INFO - fetch_expenses_for_date called with 2024-08-02
2025-03-22 20:45:03,824 - db_helper - INFO - fetch_expenses_for_date called with 2024-08-02
2025-03-22 20:45:11,436 - db_helper - INFO - fetch_expenses_for_date called with 2024-08-02
2025-03-22 20:49:03,559 - db_helper - INFO - fetch_expenses_for_date called with 2024-08-02
2025-03-22 20:49:08,228 - db_helper - INFO - fetch_expenses_for_date called with 2024-08-02
2025-03-22 20:49:35,495 - db_helper - INFO - fetch_expenses_for_date called with 2024-08-02
2025-03-22 20:49:37,649 - db_helper - INFO - fetch_expense_summary called with start: 2024-08-01 end: 2024-08-05
2025-03-23 17:17:57,606 - db_helper - INFO - fetch_expenses_for_date called with 2024-08-02
2025-03-23 17:18:06,312 - db_helper - INFO - fetch_expenses_for_date called with 2024-08-02
2025-03-23 18:54:05,641 - db_helper - INFO - fetch_expenses_for_date called with 2024-08-01
2025-03-24 09:44:12,947 - db_helper - INFO - fetch_expenses_for_date called with 2024-08-02
2025-03-24 09:48:25,313 - db_helper - INFO - fetch_expenses_for_date called with 2024-08-02
2025-03-24 09:48:30,405 - db_helper - INFO - fetch_expenses_for_date called with 2024-08-02
2025-03-24 09:48:38,973 - db_helper - INFO - fetch_expenses_for_date called with 2024-08-02
2025-03-24 09:48:45,090 - db_helper - INFO - fetch_expenses_for_date called with 2024-08-02
2025-03-24 10:06:36,846 - db_helper - INFO - fetch_expenses_for_date called with 2024-09-20
2025-03-24 10:06:36,974 - db_helper - INFO - fetch_expense_summary called with start: 2024-08-01 end: 2024-08-05
2025-03-24 10:17:18,119 - db_helper - INFO - fetch_monthly_summary called with year 2024
2025-03-24 10:20:14,713 - db_helper - INFO - fetch_monthly_summary called with year 2024
2025-03-24 10:40:45,726 - db_helper - INFO - fetch_monthly_summary called with year 2024
2025-03-24 10:56:15,770 - db_helper - INFO - fetch_expenses_for_date called with 2024-08-02
2025-03-24 10:57:48,441 - db_helper - INFO - fetch_expenses_for_date called with 2024-08-01
2025-03-24 10:58:13,719 - db_helper - INFO - fetch_expenses_for_date called with 2024-08-01
2025-03-24 10:58:15,914 - db_helper - INFO - fetch_monthly_summary called with year 2025
2025-03-24 10:58:28,818 - db_helper - INFO - fetch_expenses_for_date called with 2024-08-01
2025-03-24 10:58:39,867 - db_helper - INFO - fetch_expenses_for_date called with 2024-08-01
2025-03-24 10:58:42,037 - db_helper - INFO - fetch_monthly_summary called with year 2024
2025-03-24 10:58:55,506 - db_helper - INFO - fetch_expenses_for_date called with 2024-08-01
2025-03-24 10:59:09,744 - db_helper - INFO - fetch_expenses_for_date called with 2024-08-01
2025-03-24 11:00:58,352 - db_helper - INFO - fetch_expenses_for_date called with 2024-08-01
2025-03-24 11:01:09,178 - db_helper - INFO - fetch_expenses_for_date called with 2024-08-01
2025-03-24 11:01:11,326 - db_helper - INFO - fetch_expense_summary called with start: 2024-08-01 end: 2024-08-05
2025-03-24 11:01:19,796 - db_helper - INFO - fetch_expenses_for_date called with 2024-08-01
2025-03-24 11:01:47,776 - db_helper - INFO - fetch_expenses_for_date called with 2024-08-01
2025-03-24 11:04:49,792 - db_helper - INFO - fetch_expenses_for_date called with 2024-08-01
2025-03-24 11:04:54,633 - db_helper - INFO - fetch_expenses_for_date called with 2024-08-01
2025-03-24 11:05:04,572 - db_helper - INFO - fetch_expenses_for_date called with 2024-08-01
2025-03-24 11:07:31,146 - db_helper - INFO - fetch_expenses_for_date called with 2024-08-01
2025-03-24 11:07:40,859 - db_helper - INFO - fetch_expenses_for_date called with 2024-08-01
2025-03-24 11:07:48,732 - db_helper - INFO - fetch_expenses_for_date called with 2024-08-01
2025-03-24 11:07:54,174 - db_helper - INFO - fetch_expenses_for_date called with 2024-08-01
2025-03-24 11:08:57,366 - db_helper - INFO - fetch_expenses_for_date called with 2024-08-01
2025-03-24 11:09:02,387 - db_helper - INFO - fetch_expenses_for_date called with 2024-08-01
2025-03-24 11:10:42,395 - db_helper - INFO - fetch_expenses_for_date called with 2024-08-01
2025-03-24 11:10:53,059 - db_helper - INFO - fetch_expenses_for_date called with 2024-08-01
2025-03-24 11:33:58,924 - db_helper - INFO - fetch_expenses_for_date called with 2024-08-01
2025-03-24 11:34:04,774 - db_helper - INFO - fetch_expenses_for_date called with 2024-08-01
2025-03-24 11:34:37,791 - db_helper - INFO - fetch_expenses_for_date called with 2024-08-01
2025-03-24 11:34:42,823 - db_helper - INFO - fetch_expenses_for_date called with 2024-08-01
2025-03-24 11:35:12,469 - db_helper - INFO - fetch_expenses_for_date called with 2024-08-28
2025-03-24 11:35:49,472 - db_helper - INFO - fetch_expenses_for_date called with 2024-08-28
2025-03-24 11:35:51,593 - db_helper - INFO - delete_expenses_for_date called with 2024-08-28
2025-03-24 11:35:51,640 - db_helper - INFO - insert_expenses called with date: 2024-08-28, amount: 1000.0, category: Shopping, notes: Bought  bag
2025-03-24 11:36:05,043 - db_helper - INFO - fetch_expenses_for_date called with 2024-08-28
2025-03-24 11:36:07,144 - db_helper - INFO - delete_expenses_for_date called with 2024-08-28
2025-03-24 11:36:07,175 - db_helper - INFO - insert_expenses called with date: 2024-08-28, amount: 1000.0, category: Shopping, notes: Bought  bag
2025-03-24 11:36:22,208 - db_helper - INFO - fetch_expenses_for_date called with 2024-08-28
2025-03-24 11:36:24,323 - db_helper - INFO - fetch_monthly_summary called with year 2024
2025-03-24 11:36:29,099 - db_helper - INFO - fetch_expenses_for_date called with 2024-08-28
2025-03-24 11:36:37,344 - db_helper - INFO - fetch_expenses_for_date called with 2024-08-28
2025-03-24 22:52:15,446 - db_helper - INFO - fetch_monthly_summary called with year 2024
2025-03-24 22:56:55,538 - db_helper - INFO - fetch_expense_summary called with start: 2024-08-01 end: 2024-08-05
